evaluating file '<nix/derivation-internal.nix>'
evaluating derivation 'git+file:///home/akos/nix#nixosConfigurations.akos01.config.system.build.toplevel'...
warning: Git tree '/home/akos/nix' is dirty
using cache entry 'gitLastModified:{"rev":"9c19f3fc213859bdeb7b39b0b044f0936a5f43ee"}' -> '{"lastModified":1760822506}'
got tree '/home/akos/nix/' from 'git+file:///home/akos/nix'
evaluating file '/home/akos/nix/flake.nix'
using cache entry 'fetchToStore:{"fingerprint":"9c19f3fc213859bdeb7b39b0b044f0936a5f43ee;d=62c3ab0f87060b351bc67a7cc61e25655e46f9c51a0c0796222a3658706345e1fe4fd7cbe79651bd1f608a1590893d49e5f74d2700da632a1621f9813cc24aef","method":"nar","name":"source","path":"/","store":"/nix/store"}' -> '{"storePath":"lyj82gzkfc9sk6qy9r1hhy8vpkajsh6i-source"}'
performing daemon worker op: 11
acquiring write lock on '/nix/var/nix/temproots/927226'
performing daemon worker op: 1
using cache entry 'fetchToStore:{"fingerprint":"9c19f3fc213859bdeb7b39b0b044f0936a5f43ee;d=62c3ab0f87060b351bc67a7cc61e25655e46f9c51a0c0796222a3658706345e1fe4fd7cbe79651bd1f608a1590893d49e5f74d2700da632a1621f9813cc24aef","method":"nar","name":"source","path":"/","store":"/nix/store"}' -> 'null', '/nix/store/lyj82gzkfc9sk6qy9r1hhy8vpkajsh6i-source'
store path cache hit for '/home/akos/nix/'
performing daemon worker op: 26
evaluating file '/nix/store/lyj82gzkfc9sk6qy9r1hhy8vpkajsh6i-source/flake.nix'
performing daemon worker op: 19
old lock file: {
  "nodes": {
    "deploy-rs": {
      "inputs": {
        "flake-compat": "flake-compat",
        "nixpkgs": "nixpkgs",
        "utils": "utils"
      },
      "locked": {
        "lastModified": 1756719547,
        "narHash": "sha256-N9gBKUmjwRKPxAafXEk1EGadfk2qDZPBQp4vXWPHINQ=",
        "owner": "serokell",
        "repo": "deploy-rs",
        "rev": "125ae9e3ecf62fb2c0fd4f2d894eb971f1ecaed2",
        "type": "github"
      },
      "original": {
        "owner": "serokell",
        "repo": "deploy-rs",
        "type": "github"
      }
    },
    "devshell": {
      "inputs": {
        "nixpkgs": [
          "my-nixvim",
          "nixvim",
          "nixpkgs"
        ]
      },
      "locked": {
        "lastModified": 1728330715,
        "narHash": "sha256-xRJ2nPOXb//u1jaBnDP56M7v5ldavjbtR6lfGqSvcKg=",
        "owner": "numtide",
        "repo": "devshell",
        "rev": "dd6b80932022cea34a019e2bb32f6fa9e494dfef",
        "type": "github"
      },
      "original": {
        "owner": "numtide",
        "repo": "devshell",
        "type": "github"
      }
    },
    "disko": {
      "inputs": {
        "nixpkgs": [
          "nixpkgs"
        ]
      },
      "locked": {
        "lastModified": 1760701190,
        "narHash": "sha256-y7UhnWlER8r776JsySqsbTUh2Txf7K30smfHlqdaIQw=",
        "owner": "nix-community",
        "repo": "disko",
        "rev": "3a9450b26e69dcb6f8de6e2b07b3fc1c288d85f5",
        "type": "github"
      },
      "original": {
        "owner": "nix-community",
        "repo": "disko",
        "type": "github"
      }
    },
    "flake-compat": {
      "flake": false,
      "locked": {
        "lastModified": 1733328505,
        "narHash": "sha256-NeCCThCEP3eCl2l/+27kNNK7QrwZB1IJCrXfrbv5oqU=",
        "owner": "edolstra",
        "repo": "flake-compat",
        "rev": "ff81ac966bb2cae68946d5ed5fc4994f96d0ffec",
        "type": "github"
      },
      "original": {
        "owner": "edolstra",
        "repo": "flake-compat",
        "type": "github"
      }
    },
    "flake-compat_2": {
      "locked": {
        "lastModified": 1696426674,
        "narHash": "sha256-kvjfFW7WAETZlt09AgDn1MrtKzP7t90Vf7vypd3OL1U=",
        "rev": "0f9255e01c2351cc7d116c072cb317785dd33b33",
        "revCount": 57,
        "type": "tarball",
        "url": "https://api.flakehub.com/f/pinned/edolstra/flake-compat/1.0.1/018afb31-abd1-7bff-a5e4-cff7e18efb7a/source.tar.gz"
      },
      "original": {
        "type": "tarball",
        "url": "https://flakehub.com/f/edolstra/flake-compat/1.tar.gz"
      }
    },
    "flake-parts": {
      "inputs": {
        "nixpkgs-lib": "nixpkgs-lib"
      },
      "locked": {
        "lastModified": 1733312601,
        "narHash": "sha256-4pDvzqnegAfRkPwO3wmwBhVi/Sye1mzps0zHWYnP88c=",
        "owner": "hercules-ci",
        "repo": "flake-parts",
        "rev": "205b12d8b7cd4802fbcb8e8ef6a0f1408781a4f9",
        "type": "github"
      },
      "original": {
        "owner": "hercules-ci",
        "repo": "flake-parts",
        "type": "github"
      }
    },
    "flake-parts_2": {
      "inputs": {
        "nixpkgs-lib": [
          "my-nixvim",
          "nixvim",
          "nixpkgs"
        ]
      },
      "locked": {
        "lastModified": 1733312601,
        "narHash": "sha256-4pDvzqnegAfRkPwO3wmwBhVi/Sye1mzps0zHWYnP88c=",
        "owner": "hercules-ci",
        "repo": "flake-parts",
        "rev": "205b12d8b7cd4802fbcb8e8ef6a0f1408781a4f9",
        "type": "github"
      },
      "original": {
        "owner": "hercules-ci",
        "repo": "flake-parts",
        "type": "github"
      }
    },
    "flake-utils": {
      "inputs": {
        "systems": "systems_2"
      },
      "locked": {
        "lastModified": 1731533236,
        "narHash": "sha256-l0KFg5HjrsfsO/JpG+r7fRrqm12kzFHyUHqHCVpMMbI=",
        "owner": "numtide",
        "repo": "flake-utils",
        "rev": "11707dc2f618dd54ca8739b309ec4fc024de578b",
        "type": "github"
      },
      "original": {
        "owner": "numtide",
        "repo": "flake-utils",
        "type": "github"
      }
    },
    "friendly-snippets": {
      "flake": false,
      "locked": {
        "lastModified": 1733106470,
        "narHash": "sha256-I8SRZxnoNC6SOWW+scoA77Jwyxcb4eUczppLdyOiZe0=",
        "owner": "rafamadriz",
        "repo": "friendly-snippets",
        "rev": "efff286dd74c22f731cdec26a70b46e5b203c619",
        "type": "github"
      },
      "original": {
        "owner": "rafamadriz",
        "repo": "friendly-snippets",
        "type": "github"
      }
    },
    "git-hooks": {
      "inputs": {
        "flake-compat": [
          "my-nixvim",
          "nixvim",
          "flake-compat"
        ],
        "gitignore": "gitignore",
        "nixpkgs": [
          "my-nixvim",
          "nixvim",
          "nixpkgs"
        ],
        "nixpkgs-stable": [
          "my-nixvim",
          "nixvim",
          "nixpkgs"
        ]
      },
      "locked": {
        "lastModified": 1734425854,
        "narHash": "sha256-nzE5UbJ41aPEKf8R2ZFYtLkqPmF7EIUbNEdHMBLg0Ig=",
        "owner": "cachix",
        "repo": "git-hooks.nix",
        "rev": "0ddd26d0925f618c3a5d85a4fa5eb1e23a09491d",
        "type": "github"
      },
      "original": {
        "owner": "cachix",
        "repo": "git-hooks.nix",
        "type": "github"
      }
    },
    "gitignore": {
      "inputs": {
        "nixpkgs": [
          "my-nixvim",
          "nixvim",
          "git-hooks",
          "nixpkgs"
        ]
      },
      "locked": {
        "lastModified": 1709087332,
        "narHash": "sha256-HG2cCnktfHsKV0s4XW83gU3F57gaTljL9KNSuG6bnQs=",
        "owner": "hercules-ci",
        "repo": "gitignore.nix",
        "rev": "637db329424fd7e46cf4185293b9cc8c88c95394",
        "type": "github"
      },
      "original": {
        "owner": "hercules-ci",
        "repo": "gitignore.nix",
        "type": "github"
      }
    },
    "home-manager": {
      "inputs": {
        "nixpkgs": [
          "my-nixvim",
          "nixvim",
          "nixpkgs"
        ]
      },
      "locked": {
        "lastModified": 1734344598,
        "narHash": "sha256-wNX3hsScqDdqKWOO87wETUEi7a/QlPVgpC/Lh5rFOuA=",
        "owner": "nix-community",
        "repo": "home-manager",
        "rev": "83ecd50915a09dca928971139d3a102377a8d242",
        "type": "github"
      },
      "original": {
        "owner": "nix-community",
        "repo": "home-manager",
        "type": "github"
      }
    },
    "ixx": {
      "inputs": {
        "flake-utils": [
          "my-nixvim",
          "nixvim",
          "nuschtosSearch",
          "flake-utils"
        ],
        "nixpkgs": [
          "my-nixvim",
          "nixvim",
          "nuschtosSearch",
          "nixpkgs"
        ]
      },
      "locked": {
        "lastModified": 1729958008,
        "narHash": "sha256-EiOq8jF4Z/zQe0QYVc3+qSKxRK//CFHMB84aYrYGwEs=",
        "owner": "NuschtOS",
        "repo": "ixx",
        "rev": "9fd01aad037f345350eab2cd45e1946cc66da4eb",
        "type": "github"
      },
      "original": {
        "owner": "NuschtOS",
        "ref": "v0.0.6",
        "repo": "ixx",
        "type": "github"
      }
    },
    "lsp-zero": {
      "flake": false,
      "locked": {
        "lastModified": 1733925538,
        "narHash": "sha256-fXi4fB3zCEqyjaX8HWSlmrzkpZ5OKBY9tvLgqLaGXCY=",
        "owner": "VonHeikemen",
        "repo": "lsp-zero.nvim",
        "rev": "35421bdd70427fe6ecd93371533d33cc628a5b4b",
        "type": "github"
      },
      "original": {
        "owner": "VonHeikemen",
        "repo": "lsp-zero.nvim",
        "type": "github"
      }
    },
    "my-nixvim": {
      "inputs": {
        "flake-parts": "flake-parts",
        "friendly-snippets": "friendly-snippets",
        "lsp-zero": "lsp-zero",
        "nixpkgs": "nixpkgs_2",
        "nixvim": "nixvim",
        "quick-scope": "quick-scope",
        "snipe": "snipe",
        "treefmt-nix": "treefmt-nix_2"
      },
      "locked": {
        "lastModified": 1741098520,
        "narHash": "sha256-B4EpwWUsSu5xBidT5bR4Mn1EbdZ5iy0lsn8pGO4kNfw=",
        "owner": "PPAPSONKA",
        "repo": "nixvim",
        "rev": "d825a519e0c09d76343017d530a8599f7750ada0",
        "type": "github"
      },
      "original": {
        "owner": "PPAPSONKA",
        "repo": "nixvim",
        "type": "github"
      }
    },
    "niri": {
      "inputs": {
        "niri-stable": "niri-stable",
        "niri-unstable": "niri-unstable",
        "nixpkgs": [
          "nixpkgs"
        ],
        "nixpkgs-stable": "nixpkgs-stable",
        "xwayland-satellite-stable": "xwayland-satellite-stable",
        "xwayland-satellite-unstable": "xwayland-satellite-unstable"
      },
      "locked": {
        "lastModified": 1760774008,
        "narHash": "sha256-NchPYxFkN9XOOuocGXBmRFAh9NVFybmAev62zG1nL2A=",
        "owner": "sodiboo",
        "repo": "niri-flake",
        "rev": "27e012b4cd49e9ac438573ec7a6db3e5835828c3",
        "type": "github"
      },
      "original": {
        "owner": "sodiboo",
        "repo": "niri-flake",
        "type": "github"
      }
    },
    "niri-stable": {
      "flake": false,
      "locked": {
        "lastModified": 1756556321,
        "narHash": "sha256-RLD89dfjN0RVO86C/Mot0T7aduCygPGaYbog566F0Qo=",
        "owner": "YaLTeR",
        "repo": "niri",
        "rev": "01be0e65f4eb91a9cd624ac0b76aaeab765c7294",
        "type": "github"
      },
      "original": {
        "owner": "YaLTeR",
        "ref": "v25.08",
        "repo": "niri",
        "type": "github"
      }
    },
    "niri-unstable": {
      "flake": false,
      "locked": {
        "lastModified": 1760768097,
        "narHash": "sha256-RvlONuKFKu+v7h/MorLONcPzXMMe6zs8aJUDOsfjr1I=",
        "owner": "YaLTeR",
        "repo": "niri",
        "rev": "8c8447918f4fd7bc6c86a8622b1db52417fbbbbd",
        "type": "github"
      },
      "original": {
        "owner": "YaLTeR",
        "repo": "niri",
        "type": "github"
      }
    },
    "nix-darwin": {
      "inputs": {
        "nixpkgs": [
          "my-nixvim",
          "nixvim",
          "nixpkgs"
        ]
      },
      "locked": {
        "lastModified": 1733570843,
        "narHash": "sha256-sQJAxY1TYWD1UyibN/FnN97paTFuwBw3Vp3DNCyKsMk=",
        "owner": "lnl7",
        "repo": "nix-darwin",
        "rev": "a35b08d09efda83625bef267eb24347b446c80b8",
        "type": "github"
      },
      "original": {
        "owner": "lnl7",
        "repo": "nix-darwin",
        "type": "github"
      }
    },
    "nixos-hardware": {
      "locked": {
        "lastModified": 1760106635,
        "narHash": "sha256-2GoxVaKWTHBxRoeUYSjv0AfSOx4qw5CWSFz2b+VolKU=",
        "owner": "NixOS",
        "repo": "nixos-hardware",
        "rev": "9ed85f8afebf2b7478f25db0a98d0e782c0ed903",
        "type": "github"
      },
      "original": {
        "owner": "NixOS",
        "ref": "master",
        "repo": "nixos-hardware",
        "type": "github"
      }
    },
    "nixpkgs": {
      "locked": {
        "lastModified": 1743014863,
        "narHash": "sha256-jAIUqsiN2r3hCuHji80U7NNEafpIMBXiwKlSrjWMlpg=",
        "owner": "NixOS",
        "repo": "nixpkgs",
        "rev": "bd3bac8bfb542dbde7ffffb6987a1a1f9d41699f",
        "type": "github"
      },
      "original": {
        "owner": "NixOS",
        "ref": "nixpkgs-unstable",
        "repo": "nixpkgs",
        "type": "github"
      }
    },
    "nixpkgs-lib": {
      "locked": {
        "lastModified": 1733096140,
        "narHash": "sha256-1qRH7uAUsyQI7R1Uwl4T+XvdNv778H0Nb5njNrqvylY=",
        "type": "tarball",
        "url": "https://github.com/NixOS/nixpkgs/archive/5487e69da40cbd611ab2cadee0b4637225f7cfae.tar.gz"
      },
      "original": {
        "type": "tarball",
        "url": "https://github.com/NixOS/nixpkgs/archive/5487e69da40cbd611ab2cadee0b4637225f7cfae.tar.gz"
      }
    },
    "nixpkgs-stable": {
      "locked": {
        "lastModified": 1760580664,
        "narHash": "sha256-/YdfibIrnqXAL8p5kqCU345mzpHoOtuVIkMiI2pF4Dc=",
        "owner": "NixOS",
        "repo": "nixpkgs",
        "rev": "98ff3f9af2684f6136c24beef08f5e2033fc5389",
        "type": "github"
      },
      "original": {
        "owner": "NixOS",
        "ref": "nixos-25.05",
        "repo": "nixpkgs",
        "type": "github"
      }
    },
    "nixpkgs-unstable": {
      "locked": {
        "lastModified": 1760524057,
        "narHash": "sha256-EVAqOteLBFmd7pKkb0+FIUyzTF61VKi7YmvP1tw4nEw=",
        "owner": "NixOS",
        "repo": "nixpkgs",
        "rev": "544961dfcce86422ba200ed9a0b00dd4b1486ec5",
        "type": "github"
      },
      "original": {
        "id": "nixpkgs",
        "ref": "nixos-unstable",
        "type": "indirect"
      }
    },
    "nixpkgs_2": {
      "locked": {
        "lastModified": 1734424634,
        "narHash": "sha256-cHar1vqHOOyC7f1+tVycPoWTfKIaqkoe1Q6TnKzuti4=",
        "owner": "nixos",
        "repo": "nixpkgs",
        "rev": "d3c42f187194c26d9f0309a8ecc469d6c878ce33",
        "type": "github"
      },
      "original": {
        "owner": "nixos",
        "ref": "nixos-unstable",
        "repo": "nixpkgs",
        "type": "github"
      }
    },
    "nixpkgs_3": {
      "locked": {
        "lastModified": 1734424634,
        "narHash": "sha256-cHar1vqHOOyC7f1+tVycPoWTfKIaqkoe1Q6TnKzuti4=",
        "owner": "NixOS",
        "repo": "nixpkgs",
        "rev": "d3c42f187194c26d9f0309a8ecc469d6c878ce33",
        "type": "github"
      },
      "original": {
        "owner": "NixOS",
        "ref": "nixos-unstable",
        "repo": "nixpkgs",
        "type": "github"
      }
    },
    "nixpkgs_4": {
      "locked": {
        "lastModified": 1733097829,
        "narHash": "sha256-9hbb1rqGelllb4kVUCZ307G2k3/UhmA8PPGBoyuWaSw=",
        "owner": "nixos",
        "repo": "nixpkgs",
        "rev": "2c15aa59df0017ca140d9ba302412298ab4bf22a",
        "type": "github"
      },
      "original": {
        "owner": "nixos",
        "ref": "nixpkgs-unstable",
        "repo": "nixpkgs",
        "type": "github"
      }
    },
    "nixpkgs_5": {
      "locked": {
        "lastModified": 1760580664,
        "narHash": "sha256-/YdfibIrnqXAL8p5kqCU345mzpHoOtuVIkMiI2pF4Dc=",
        "owner": "NixOS",
        "repo": "nixpkgs",
        "rev": "98ff3f9af2684f6136c24beef08f5e2033fc5389",
        "type": "github"
      },
      "original": {
        "id": "nixpkgs",
        "ref": "nixos-25.05",
        "type": "indirect"
      }
    },
    "nixvim": {
      "inputs": {
        "devshell": "devshell",
        "flake-compat": "flake-compat_2",
        "flake-parts": "flake-parts_2",
        "git-hooks": "git-hooks",
        "home-manager": "home-manager",
        "nix-darwin": "nix-darwin",
        "nixpkgs": "nixpkgs_3",
        "nuschtosSearch": "nuschtosSearch",
        "treefmt-nix": "treefmt-nix"
      },
      "locked": {
        "lastModified": 1734567959,
        "narHash": "sha256-ghNQlnI/r6cnknY58x60695sFrYnI6ZUMg65bmoNGqw=",
        "owner": "nix-community",
        "repo": "nixvim",
        "rev": "37608b462772e35220e02bfbd9045d0946564436",
        "type": "github"
      },
      "original": {
        "owner": "nix-community",
        "repo": "nixvim",
        "type": "github"
      }
    },
    "nuschtosSearch": {
      "inputs": {
        "flake-utils": "flake-utils",
        "ixx": "ixx",
        "nixpkgs": [
          "my-nixvim",
          "nixvim",
          "nixpkgs"
        ]
      },
      "locked": {
        "lastModified": 1733773348,
        "narHash": "sha256-Y47y+LesOCkJaLvj+dI/Oa6FAKj/T9sKVKDXLNsViPw=",
        "owner": "NuschtOS",
        "repo": "search",
        "rev": "3051be7f403bff1d1d380e4612f0c70675b44fc9",
        "type": "github"
      },
      "original": {
        "owner": "NuschtOS",
        "repo": "search",
        "type": "github"
      }
    },
    "quick-scope": {
      "flake": false,
      "locked": {
        "lastModified": 1720194674,
        "narHash": "sha256-l7YXdo6Futdq32247BtcfSHVOIj8pthlPvpzoRPnlMI=",
        "owner": "unblevable",
        "repo": "quick-scope",
        "rev": "4d35d3b2bc6794666353dcc241b2680bd560416f",
        "type": "github"
      },
      "original": {
        "owner": "unblevable",
        "repo": "quick-scope",
        "type": "github"
      }
    },
    "root": {
      "inputs": {
        "deploy-rs": "deploy-rs",
        "disko": "disko",
        "my-nixvim": "my-nixvim",
        "niri": "niri",
        "nixos-hardware": "nixos-hardware",
        "nixpkgs": "nixpkgs_5",
        "nixpkgs-unstable": "nixpkgs-unstable",
        "sops-nix": "sops-nix"
      }
    },
    "snipe": {
      "flake": false,
      "locked": {
        "lastModified": 1734613729,
        "narHash": "sha256-9gokJv5fmVdMKFaeFxH+V8tYzd0Xy1kmYIa61xcNI9g=",
        "owner": "leath-dub",
        "repo": "snipe.nvim",
        "rev": "9dc03ff9abf5c3939e1cc3f601b8285b6175b145",
        "type": "github"
      },
      "original": {
        "owner": "leath-dub",
        "repo": "snipe.nvim",
        "type": "github"
      }
    },
    "sops-nix": {
      "inputs": {
        "nixpkgs": [
          "nixpkgs"
        ]
      },
      "locked": {
        "lastModified": 1760393368,
        "narHash": "sha256-8mN3kqyqa2PKY0wwZ2UmMEYMcxvNTwLaOrrDsw6Qi4E=",
        "owner": "Mic92",
        "repo": "sops-nix",
        "rev": "ab8d56e85b8be14cff9d93735951e30c3e86a437",
        "type": "github"
      },
      "original": {
        "owner": "Mic92",
        "repo": "sops-nix",
        "type": "github"
      }
    },
    "systems": {
      "locked": {
        "lastModified": 1681028828,
        "narHash": "sha256-Vy1rq5AaRuLzOxct8nz4T6wlgyUR7zLU309k9mBC768=",
        "owner": "nix-systems",
        "repo": "default",
        "rev": "da67096a3b9bf56a91d16901293e51ba5b49a27e",
        "type": "github"
      },
      "original": {
        "owner": "nix-systems",
        "repo": "default",
        "type": "github"
      }
    },
    "systems_2": {
      "locked": {
        "lastModified": 1681028828,
        "narHash": "sha256-Vy1rq5AaRuLzOxct8nz4T6wlgyUR7zLU309k9mBC768=",
        "owner": "nix-systems",
        "repo": "default",
        "rev": "da67096a3b9bf56a91d16901293e51ba5b49a27e",
        "type": "github"
      },
      "original": {
        "owner": "nix-systems",
        "repo": "default",
        "type": "github"
      }
    },
    "treefmt-nix": {
      "inputs": {
        "nixpkgs": [
          "my-nixvim",
          "nixvim",
          "nixpkgs"
        ]
      },
      "locked": {
        "lastModified": 1733761991,
        "narHash": "sha256-s4DalCDepD22jtKL5Nw6f4LP5UwoMcPzPZgHWjAfqbQ=",
        "owner": "numtide",
        "repo": "treefmt-nix",
        "rev": "0ce9d149d99bc383d1f2d85f31f6ebd146e46085",
        "type": "github"
      },
      "original": {
        "owner": "numtide",
        "repo": "treefmt-nix",
        "type": "github"
      }
    },
    "treefmt-nix_2": {
      "inputs": {
        "nixpkgs": "nixpkgs_4"
      },
      "locked": {
        "lastModified": 1734543842,
        "narHash": "sha256-/QceWozrNg915Db9x/Ie5k67n9wKgGdTFng+Z1Qw0kE=",
        "owner": "numtide",
        "repo": "treefmt-nix",
        "rev": "76159fc74eeac0599c3618e3601ac2b980a29263",
        "type": "github"
      },
      "original": {
        "owner": "numtide",
        "repo": "treefmt-nix",
        "type": "github"
      }
    },
    "utils": {
      "inputs": {
        "systems": "systems"
      },
      "locked": {
        "lastModified": 1731533236,
        "narHash": "sha256-l0KFg5HjrsfsO/JpG+r7fRrqm12kzFHyUHqHCVpMMbI=",
        "owner": "numtide",
        "repo": "flake-utils",
        "rev": "11707dc2f618dd54ca8739b309ec4fc024de578b",
        "type": "github"
      },
      "original": {
        "owner": "numtide",
        "repo": "flake-utils",
        "type": "github"
      }
    },
    "xwayland-satellite-stable": {
      "flake": false,
      "locked": {
        "lastModified": 1755491097,
        "narHash": "sha256-m+9tUfsmBeF2Gn4HWa6vSITZ4Gz1eA1F5Kh62B0N4oE=",
        "owner": "Supreeeme",
        "repo": "xwayland-satellite",
        "rev": "388d291e82ffbc73be18169d39470f340707edaa",
        "type": "github"
      },
      "original": {
        "owner": "Supreeeme",
        "ref": "v0.7",
        "repo": "xwayland-satellite",
        "type": "github"
      }
    },
    "xwayland-satellite-unstable": {
      "flake": false,
      "locked": {
        "lastModified": 1759707084,
        "narHash": "sha256-0pkftKs6/LReNvxw7DVTN2AJEheZVgyeK0Aarbagi70=",
        "owner": "Supreeeme",
        "repo": "xwayland-satellite",
        "rev": "a9188e70bd748118b4d56a529871b9de5adb9988",
        "type": "github"
      },
      "original": {
        "owner": "Supreeeme",
        "repo": "xwayland-satellite",
        "type": "github"
      }
    }
  },
  "root": "root",
  "version": 7
}
computing lock file node ''
computing input 'deploy-rs'
keeping existing input 'deploy-rs'
computing lock file node 'deploy-rs'
computing input 'deploy-rs/flake-compat'
keeping existing input 'deploy-rs/flake-compat'
computing lock file node 'deploy-rs/flake-compat'
computing input 'deploy-rs/nixpkgs'
keeping existing input 'deploy-rs/nixpkgs'
computing lock file node 'deploy-rs/nixpkgs'
computing input 'deploy-rs/utils'
keeping existing input 'deploy-rs/utils'
computing lock file node 'deploy-rs/utils'
computing input 'deploy-rs/utils/systems'
keeping existing input 'deploy-rs/utils/systems'
computing lock file node 'deploy-rs/utils/systems'
computing input 'disko'
keeping existing input 'disko'
computing lock file node 'disko'
computing input 'disko/nixpkgs'
input 'disko/nixpkgs' follows 'nixpkgs'
computing input 'my-nixvim'
keeping existing input 'my-nixvim'
computing lock file node 'my-nixvim'
computing input 'my-nixvim/flake-parts'
keeping existing input 'my-nixvim/flake-parts'
computing lock file node 'my-nixvim/flake-parts'
computing input 'my-nixvim/flake-parts/nixpkgs-lib'
keeping existing input 'my-nixvim/flake-parts/nixpkgs-lib'
computing lock file node 'my-nixvim/flake-parts/nixpkgs-lib'
computing input 'my-nixvim/friendly-snippets'
keeping existing input 'my-nixvim/friendly-snippets'
computing lock file node 'my-nixvim/friendly-snippets'
computing input 'my-nixvim/lsp-zero'
keeping existing input 'my-nixvim/lsp-zero'
computing lock file node 'my-nixvim/lsp-zero'
computing input 'my-nixvim/nixpkgs'
keeping existing input 'my-nixvim/nixpkgs'
computing lock file node 'my-nixvim/nixpkgs'
computing input 'my-nixvim/nixvim'
keeping existing input 'my-nixvim/nixvim'
computing lock file node 'my-nixvim/nixvim'
computing input 'my-nixvim/nixvim/devshell'
keeping existing input 'my-nixvim/nixvim/devshell'
computing lock file node 'my-nixvim/nixvim/devshell'
computing input 'my-nixvim/nixvim/devshell/nixpkgs'
input 'my-nixvim/nixvim/devshell/nixpkgs' follows 'my-nixvim/nixvim/nixpkgs'
computing input 'my-nixvim/nixvim/flake-compat'
keeping existing input 'my-nixvim/nixvim/flake-compat'
computing lock file node 'my-nixvim/nixvim/flake-compat'
computing input 'my-nixvim/nixvim/flake-parts'
keeping existing input 'my-nixvim/nixvim/flake-parts'
computing lock file node 'my-nixvim/nixvim/flake-parts'
computing input 'my-nixvim/nixvim/flake-parts/nixpkgs-lib'
input 'my-nixvim/nixvim/flake-parts/nixpkgs-lib' follows 'my-nixvim/nixvim/nixpkgs'
computing input 'my-nixvim/nixvim/git-hooks'
keeping existing input 'my-nixvim/nixvim/git-hooks'
computing lock file node 'my-nixvim/nixvim/git-hooks'
computing input 'my-nixvim/nixvim/git-hooks/flake-compat'
input 'my-nixvim/nixvim/git-hooks/flake-compat' follows 'my-nixvim/nixvim/flake-compat'
computing input 'my-nixvim/nixvim/git-hooks/gitignore'
keeping existing input 'my-nixvim/nixvim/git-hooks/gitignore'
computing lock file node 'my-nixvim/nixvim/git-hooks/gitignore'
computing input 'my-nixvim/nixvim/git-hooks/gitignore/nixpkgs'
input 'my-nixvim/nixvim/git-hooks/gitignore/nixpkgs' follows 'my-nixvim/nixvim/git-hooks/nixpkgs'
computing input 'my-nixvim/nixvim/git-hooks/nixpkgs'
input 'my-nixvim/nixvim/git-hooks/nixpkgs' follows 'my-nixvim/nixvim/nixpkgs'
computing input 'my-nixvim/nixvim/git-hooks/nixpkgs-stable'
input 'my-nixvim/nixvim/git-hooks/nixpkgs-stable' follows 'my-nixvim/nixvim/nixpkgs'
computing input 'my-nixvim/nixvim/home-manager'
keeping existing input 'my-nixvim/nixvim/home-manager'
computing lock file node 'my-nixvim/nixvim/home-manager'
computing input 'my-nixvim/nixvim/home-manager/nixpkgs'
input 'my-nixvim/nixvim/home-manager/nixpkgs' follows 'my-nixvim/nixvim/nixpkgs'
computing input 'my-nixvim/nixvim/nix-darwin'
keeping existing input 'my-nixvim/nixvim/nix-darwin'
computing lock file node 'my-nixvim/nixvim/nix-darwin'
computing input 'my-nixvim/nixvim/nix-darwin/nixpkgs'
input 'my-nixvim/nixvim/nix-darwin/nixpkgs' follows 'my-nixvim/nixvim/nixpkgs'
computing input 'my-nixvim/nixvim/nixpkgs'
keeping existing input 'my-nixvim/nixvim/nixpkgs'
computing lock file node 'my-nixvim/nixvim/nixpkgs'
computing input 'my-nixvim/nixvim/nuschtosSearch'
keeping existing input 'my-nixvim/nixvim/nuschtosSearch'
computing lock file node 'my-nixvim/nixvim/nuschtosSearch'
computing input 'my-nixvim/nixvim/nuschtosSearch/flake-utils'
keeping existing input 'my-nixvim/nixvim/nuschtosSearch/flake-utils'
computing lock file node 'my-nixvim/nixvim/nuschtosSearch/flake-utils'
computing input 'my-nixvim/nixvim/nuschtosSearch/flake-utils/systems'
keeping existing input 'my-nixvim/nixvim/nuschtosSearch/flake-utils/systems'
computing lock file node 'my-nixvim/nixvim/nuschtosSearch/flake-utils/systems'
computing input 'my-nixvim/nixvim/nuschtosSearch/ixx'
keeping existing input 'my-nixvim/nixvim/nuschtosSearch/ixx'
computing lock file node 'my-nixvim/nixvim/nuschtosSearch/ixx'
computing input 'my-nixvim/nixvim/nuschtosSearch/ixx/flake-utils'
input 'my-nixvim/nixvim/nuschtosSearch/ixx/flake-utils' follows 'my-nixvim/nixvim/nuschtosSearch/flake-utils'
computing input 'my-nixvim/nixvim/nuschtosSearch/ixx/nixpkgs'
input 'my-nixvim/nixvim/nuschtosSearch/ixx/nixpkgs' follows 'my-nixvim/nixvim/nuschtosSearch/nixpkgs'
computing input 'my-nixvim/nixvim/nuschtosSearch/nixpkgs'
input 'my-nixvim/nixvim/nuschtosSearch/nixpkgs' follows 'my-nixvim/nixvim/nixpkgs'
computing input 'my-nixvim/nixvim/treefmt-nix'
keeping existing input 'my-nixvim/nixvim/treefmt-nix'
computing lock file node 'my-nixvim/nixvim/treefmt-nix'
computing input 'my-nixvim/nixvim/treefmt-nix/nixpkgs'
input 'my-nixvim/nixvim/treefmt-nix/nixpkgs' follows 'my-nixvim/nixvim/nixpkgs'
computing input 'my-nixvim/quick-scope'
keeping existing input 'my-nixvim/quick-scope'
computing lock file node 'my-nixvim/quick-scope'
computing input 'my-nixvim/snipe'
keeping existing input 'my-nixvim/snipe'
computing lock file node 'my-nixvim/snipe'
computing input 'my-nixvim/treefmt-nix'
keeping existing input 'my-nixvim/treefmt-nix'
computing lock file node 'my-nixvim/treefmt-nix'
computing input 'my-nixvim/treefmt-nix/nixpkgs'
keeping existing input 'my-nixvim/treefmt-nix/nixpkgs'
computing lock file node 'my-nixvim/treefmt-nix/nixpkgs'
computing input 'niri'
keeping existing input 'niri'
computing lock file node 'niri'
computing input 'niri/niri-stable'
keeping existing input 'niri/niri-stable'
computing lock file node 'niri/niri-stable'
computing input 'niri/niri-unstable'
keeping existing input 'niri/niri-unstable'
computing lock file node 'niri/niri-unstable'
computing input 'niri/nixpkgs'
input 'niri/nixpkgs' follows 'nixpkgs'
computing input 'niri/nixpkgs-stable'
keeping existing input 'niri/nixpkgs-stable'
computing lock file node 'niri/nixpkgs-stable'
computing input 'niri/xwayland-satellite-stable'
keeping existing input 'niri/xwayland-satellite-stable'
computing lock file node 'niri/xwayland-satellite-stable'
computing input 'niri/xwayland-satellite-unstable'
keeping existing input 'niri/xwayland-satellite-unstable'
computing lock file node 'niri/xwayland-satellite-unstable'
computing input 'nixos-hardware'
keeping existing input 'nixos-hardware'
computing lock file node 'nixos-hardware'
computing input 'nixpkgs'
keeping existing input 'nixpkgs'
computing lock file node 'nixpkgs'
computing input 'nixpkgs-unstable'
keeping existing input 'nixpkgs-unstable'
computing lock file node 'nixpkgs-unstable'
computing input 'sops-nix'
keeping existing input 'sops-nix'
computing lock file node 'sops-nix'
computing input 'sops-nix/nixpkgs'
input 'sops-nix/nixpkgs' follows 'nixpkgs'
new lock file: {
  "nodes": {
    "deploy-rs": {
      "inputs": {
        "flake-compat": "flake-compat",
        "nixpkgs": "nixpkgs",
        "utils": "utils"
      },
      "locked": {
        "lastModified": 1756719547,
        "narHash": "sha256-N9gBKUmjwRKPxAafXEk1EGadfk2qDZPBQp4vXWPHINQ=",
        "owner": "serokell",
        "repo": "deploy-rs",
        "rev": "125ae9e3ecf62fb2c0fd4f2d894eb971f1ecaed2",
        "type": "github"
      },
      "original": {
        "owner": "serokell",
        "repo": "deploy-rs",
        "type": "github"
      }
    },
    "devshell": {
      "inputs": {
        "nixpkgs": [
          "my-nixvim",
          "nixvim",
          "nixpkgs"
        ]
      },
      "locked": {
        "lastModified": 1728330715,
        "narHash": "sha256-xRJ2nPOXb//u1jaBnDP56M7v5ldavjbtR6lfGqSvcKg=",
        "owner": "numtide",
        "repo": "devshell",
        "rev": "dd6b80932022cea34a019e2bb32f6fa9e494dfef",
        "type": "github"
      },
      "original": {
        "owner": "numtide",
        "repo": "devshell",
        "type": "github"
      }
    },
    "disko": {
      "inputs": {
        "nixpkgs": [
          "nixpkgs"
        ]
      },
      "locked": {
        "lastModified": 1760701190,
        "narHash": "sha256-y7UhnWlER8r776JsySqsbTUh2Txf7K30smfHlqdaIQw=",
        "owner": "nix-community",
        "repo": "disko",
        "rev": "3a9450b26e69dcb6f8de6e2b07b3fc1c288d85f5",
        "type": "github"
      },
      "original": {
        "owner": "nix-community",
        "repo": "disko",
        "type": "github"
      }
    },
    "flake-compat": {
      "flake": false,
      "locked": {
        "lastModified": 1733328505,
        "narHash": "sha256-NeCCThCEP3eCl2l/+27kNNK7QrwZB1IJCrXfrbv5oqU=",
        "owner": "edolstra",
        "repo": "flake-compat",
        "rev": "ff81ac966bb2cae68946d5ed5fc4994f96d0ffec",
        "type": "github"
      },
      "original": {
        "owner": "edolstra",
        "repo": "flake-compat",
        "type": "github"
      }
    },
    "flake-compat_2": {
      "locked": {
        "lastModified": 1696426674,
        "narHash": "sha256-kvjfFW7WAETZlt09AgDn1MrtKzP7t90Vf7vypd3OL1U=",
        "rev": "0f9255e01c2351cc7d116c072cb317785dd33b33",
        "revCount": 57,
        "type": "tarball",
        "url": "https://api.flakehub.com/f/pinned/edolstra/flake-compat/1.0.1/018afb31-abd1-7bff-a5e4-cff7e18efb7a/source.tar.gz"
      },
      "original": {
        "type": "tarball",
        "url": "https://flakehub.com/f/edolstra/flake-compat/1.tar.gz"
      }
    },
    "flake-parts": {
      "inputs": {
        "nixpkgs-lib": "nixpkgs-lib"
      },
      "locked": {
        "lastModified": 1733312601,
        "narHash": "sha256-4pDvzqnegAfRkPwO3wmwBhVi/Sye1mzps0zHWYnP88c=",
        "owner": "hercules-ci",
        "repo": "flake-parts",
        "rev": "205b12d8b7cd4802fbcb8e8ef6a0f1408781a4f9",
        "type": "github"
      },
      "original": {
        "owner": "hercules-ci",
        "repo": "flake-parts",
        "type": "github"
      }
    },
    "flake-parts_2": {
      "inputs": {
        "nixpkgs-lib": [
          "my-nixvim",
          "nixvim",
          "nixpkgs"
        ]
      },
      "locked": {
        "lastModified": 1733312601,
        "narHash": "sha256-4pDvzqnegAfRkPwO3wmwBhVi/Sye1mzps0zHWYnP88c=",
        "owner": "hercules-ci",
        "repo": "flake-parts",
        "rev": "205b12d8b7cd4802fbcb8e8ef6a0f1408781a4f9",
        "type": "github"
      },
      "original": {
        "owner": "hercules-ci",
        "repo": "flake-parts",
        "type": "github"
      }
    },
    "flake-utils": {
      "inputs": {
        "systems": "systems_2"
      },
      "locked": {
        "lastModified": 1731533236,
        "narHash": "sha256-l0KFg5HjrsfsO/JpG+r7fRrqm12kzFHyUHqHCVpMMbI=",
        "owner": "numtide",
        "repo": "flake-utils",
        "rev": "11707dc2f618dd54ca8739b309ec4fc024de578b",
        "type": "github"
      },
      "original": {
        "owner": "numtide",
        "repo": "flake-utils",
        "type": "github"
      }
    },
    "friendly-snippets": {
      "flake": false,
      "locked": {
        "lastModified": 1733106470,
        "narHash": "sha256-I8SRZxnoNC6SOWW+scoA77Jwyxcb4eUczppLdyOiZe0=",
        "owner": "rafamadriz",
        "repo": "friendly-snippets",
        "rev": "efff286dd74c22f731cdec26a70b46e5b203c619",
        "type": "github"
      },
      "original": {
        "owner": "rafamadriz",
        "repo": "friendly-snippets",
        "type": "github"
      }
    },
    "git-hooks": {
      "inputs": {
        "flake-compat": [
          "my-nixvim",
          "nixvim",
          "flake-compat"
        ],
        "gitignore": "gitignore",
        "nixpkgs": [
          "my-nixvim",
          "nixvim",
          "nixpkgs"
        ],
        "nixpkgs-stable": [
          "my-nixvim",
          "nixvim",
          "nixpkgs"
        ]
      },
      "locked": {
        "lastModified": 1734425854,
        "narHash": "sha256-nzE5UbJ41aPEKf8R2ZFYtLkqPmF7EIUbNEdHMBLg0Ig=",
        "owner": "cachix",
        "repo": "git-hooks.nix",
        "rev": "0ddd26d0925f618c3a5d85a4fa5eb1e23a09491d",
        "type": "github"
      },
      "original": {
        "owner": "cachix",
        "repo": "git-hooks.nix",
        "type": "github"
      }
    },
    "gitignore": {
      "inputs": {
        "nixpkgs": [
          "my-nixvim",
          "nixvim",
          "git-hooks",
          "nixpkgs"
        ]
      },
      "locked": {
        "lastModified": 1709087332,
        "narHash": "sha256-HG2cCnktfHsKV0s4XW83gU3F57gaTljL9KNSuG6bnQs=",
        "owner": "hercules-ci",
        "repo": "gitignore.nix",
        "rev": "637db329424fd7e46cf4185293b9cc8c88c95394",
        "type": "github"
      },
      "original": {
        "owner": "hercules-ci",
        "repo": "gitignore.nix",
        "type": "github"
      }
    },
    "home-manager": {
      "inputs": {
        "nixpkgs": [
          "my-nixvim",
          "nixvim",
          "nixpkgs"
        ]
      },
      "locked": {
        "lastModified": 1734344598,
        "narHash": "sha256-wNX3hsScqDdqKWOO87wETUEi7a/QlPVgpC/Lh5rFOuA=",
        "owner": "nix-community",
        "repo": "home-manager",
        "rev": "83ecd50915a09dca928971139d3a102377a8d242",
        "type": "github"
      },
      "original": {
        "owner": "nix-community",
        "repo": "home-manager",
        "type": "github"
      }
    },
    "ixx": {
      "inputs": {
        "flake-utils": [
          "my-nixvim",
          "nixvim",
          "nuschtosSearch",
          "flake-utils"
        ],
        "nixpkgs": [
          "my-nixvim",
          "nixvim",
          "nuschtosSearch",
          "nixpkgs"
        ]
      },
      "locked": {
        "lastModified": 1729958008,
        "narHash": "sha256-EiOq8jF4Z/zQe0QYVc3+qSKxRK//CFHMB84aYrYGwEs=",
        "owner": "NuschtOS",
        "repo": "ixx",
        "rev": "9fd01aad037f345350eab2cd45e1946cc66da4eb",
        "type": "github"
      },
      "original": {
        "owner": "NuschtOS",
        "ref": "v0.0.6",
        "repo": "ixx",
        "type": "github"
      }
    },
    "lsp-zero": {
      "flake": false,
      "locked": {
        "lastModified": 1733925538,
        "narHash": "sha256-fXi4fB3zCEqyjaX8HWSlmrzkpZ5OKBY9tvLgqLaGXCY=",
        "owner": "VonHeikemen",
        "repo": "lsp-zero.nvim",
        "rev": "35421bdd70427fe6ecd93371533d33cc628a5b4b",
        "type": "github"
      },
      "original": {
        "owner": "VonHeikemen",
        "repo": "lsp-zero.nvim",
        "type": "github"
      }
    },
    "my-nixvim": {
      "inputs": {
        "flake-parts": "flake-parts",
        "friendly-snippets": "friendly-snippets",
        "lsp-zero": "lsp-zero",
        "nixpkgs": "nixpkgs_2",
        "nixvim": "nixvim",
        "quick-scope": "quick-scope",
        "snipe": "snipe",
        "treefmt-nix": "treefmt-nix_2"
      },
      "locked": {
        "lastModified": 1741098520,
        "narHash": "sha256-B4EpwWUsSu5xBidT5bR4Mn1EbdZ5iy0lsn8pGO4kNfw=",
        "owner": "PPAPSONKA",
        "repo": "nixvim",
        "rev": "d825a519e0c09d76343017d530a8599f7750ada0",
        "type": "github"
      },
      "original": {
        "owner": "PPAPSONKA",
        "repo": "nixvim",
        "type": "github"
      }
    },
    "niri": {
      "inputs": {
        "niri-stable": "niri-stable",
        "niri-unstable": "niri-unstable",
        "nixpkgs": [
          "nixpkgs"
        ],
        "nixpkgs-stable": "nixpkgs-stable",
        "xwayland-satellite-stable": "xwayland-satellite-stable",
        "xwayland-satellite-unstable": "xwayland-satellite-unstable"
      },
      "locked": {
        "lastModified": 1760774008,
        "narHash": "sha256-NchPYxFkN9XOOuocGXBmRFAh9NVFybmAev62zG1nL2A=",
        "owner": "sodiboo",
        "repo": "niri-flake",
        "rev": "27e012b4cd49e9ac438573ec7a6db3e5835828c3",
        "type": "github"
      },
      "original": {
        "owner": "sodiboo",
        "repo": "niri-flake",
        "type": "github"
      }
    },
    "niri-stable": {
      "flake": false,
      "locked": {
        "lastModified": 1756556321,
        "narHash": "sha256-RLD89dfjN0RVO86C/Mot0T7aduCygPGaYbog566F0Qo=",
        "owner": "YaLTeR",
        "repo": "niri",
        "rev": "01be0e65f4eb91a9cd624ac0b76aaeab765c7294",
        "type": "github"
      },
      "original": {
        "owner": "YaLTeR",
        "ref": "v25.08",
        "repo": "niri",
        "type": "github"
      }
    },
    "niri-unstable": {
      "flake": false,
      "locked": {
        "lastModified": 1760768097,
        "narHash": "sha256-RvlONuKFKu+v7h/MorLONcPzXMMe6zs8aJUDOsfjr1I=",
        "owner": "YaLTeR",
        "repo": "niri",
        "rev": "8c8447918f4fd7bc6c86a8622b1db52417fbbbbd",
        "type": "github"
      },
      "original": {
        "owner": "YaLTeR",
        "repo": "niri",
        "type": "github"
      }
    },
    "nix-darwin": {
      "inputs": {
        "nixpkgs": [
          "my-nixvim",
          "nixvim",
          "nixpkgs"
        ]
      },
      "locked": {
        "lastModified": 1733570843,
        "narHash": "sha256-sQJAxY1TYWD1UyibN/FnN97paTFuwBw3Vp3DNCyKsMk=",
        "owner": "lnl7",
        "repo": "nix-darwin",
        "rev": "a35b08d09efda83625bef267eb24347b446c80b8",
        "type": "github"
      },
      "original": {
        "owner": "lnl7",
        "repo": "nix-darwin",
        "type": "github"
      }
    },
    "nixos-hardware": {
      "locked": {
        "lastModified": 1760106635,
        "narHash": "sha256-2GoxVaKWTHBxRoeUYSjv0AfSOx4qw5CWSFz2b+VolKU=",
        "owner": "NixOS",
        "repo": "nixos-hardware",
        "rev": "9ed85f8afebf2b7478f25db0a98d0e782c0ed903",
        "type": "github"
      },
      "original": {
        "owner": "NixOS",
        "ref": "master",
        "repo": "nixos-hardware",
        "type": "github"
      }
    },
    "nixpkgs": {
      "locked": {
        "lastModified": 1743014863,
        "narHash": "sha256-jAIUqsiN2r3hCuHji80U7NNEafpIMBXiwKlSrjWMlpg=",
        "owner": "NixOS",
        "repo": "nixpkgs",
        "rev": "bd3bac8bfb542dbde7ffffb6987a1a1f9d41699f",
        "type": "github"
      },
      "original": {
        "owner": "NixOS",
        "ref": "nixpkgs-unstable",
        "repo": "nixpkgs",
        "type": "github"
      }
    },
    "nixpkgs-lib": {
      "locked": {
        "lastModified": 1733096140,
        "narHash": "sha256-1qRH7uAUsyQI7R1Uwl4T+XvdNv778H0Nb5njNrqvylY=",
        "type": "tarball",
        "url": "https://github.com/NixOS/nixpkgs/archive/5487e69da40cbd611ab2cadee0b4637225f7cfae.tar.gz"
      },
      "original": {
        "type": "tarball",
        "url": "https://github.com/NixOS/nixpkgs/archive/5487e69da40cbd611ab2cadee0b4637225f7cfae.tar.gz"
      }
    },
    "nixpkgs-stable": {
      "locked": {
        "lastModified": 1760580664,
        "narHash": "sha256-/YdfibIrnqXAL8p5kqCU345mzpHoOtuVIkMiI2pF4Dc=",
        "owner": "NixOS",
        "repo": "nixpkgs",
        "rev": "98ff3f9af2684f6136c24beef08f5e2033fc5389",
        "type": "github"
      },
      "original": {
        "owner": "NixOS",
        "ref": "nixos-25.05",
        "repo": "nixpkgs",
        "type": "github"
      }
    },
    "nixpkgs-unstable": {
      "locked": {
        "lastModified": 1760524057,
        "narHash": "sha256-EVAqOteLBFmd7pKkb0+FIUyzTF61VKi7YmvP1tw4nEw=",
        "owner": "NixOS",
        "repo": "nixpkgs",
        "rev": "544961dfcce86422ba200ed9a0b00dd4b1486ec5",
        "type": "github"
      },
      "original": {
        "id": "nixpkgs",
        "ref": "nixos-unstable",
        "type": "indirect"
      }
    },
    "nixpkgs_2": {
      "locked": {
        "lastModified": 1734424634,
        "narHash": "sha256-cHar1vqHOOyC7f1+tVycPoWTfKIaqkoe1Q6TnKzuti4=",
        "owner": "nixos",
        "repo": "nixpkgs",
        "rev": "d3c42f187194c26d9f0309a8ecc469d6c878ce33",
        "type": "github"
      },
      "original": {
        "owner": "nixos",
        "ref": "nixos-unstable",
        "repo": "nixpkgs",
        "type": "github"
      }
    },
    "nixpkgs_3": {
      "locked": {
        "lastModified": 1734424634,
        "narHash": "sha256-cHar1vqHOOyC7f1+tVycPoWTfKIaqkoe1Q6TnKzuti4=",
        "owner": "NixOS",
        "repo": "nixpkgs",
        "rev": "d3c42f187194c26d9f0309a8ecc469d6c878ce33",
        "type": "github"
      },
      "original": {
        "owner": "NixOS",
        "ref": "nixos-unstable",
        "repo": "nixpkgs",
        "type": "github"
      }
    },
    "nixpkgs_4": {
      "locked": {
        "lastModified": 1733097829,
        "narHash": "sha256-9hbb1rqGelllb4kVUCZ307G2k3/UhmA8PPGBoyuWaSw=",
        "owner": "nixos",
        "repo": "nixpkgs",
        "rev": "2c15aa59df0017ca140d9ba302412298ab4bf22a",
        "type": "github"
      },
      "original": {
        "owner": "nixos",
        "ref": "nixpkgs-unstable",
        "repo": "nixpkgs",
        "type": "github"
      }
    },
    "nixpkgs_5": {
      "locked": {
        "lastModified": 1760580664,
        "narHash": "sha256-/YdfibIrnqXAL8p5kqCU345mzpHoOtuVIkMiI2pF4Dc=",
        "owner": "NixOS",
        "repo": "nixpkgs",
        "rev": "98ff3f9af2684f6136c24beef08f5e2033fc5389",
        "type": "github"
      },
      "original": {
        "id": "nixpkgs",
        "ref": "nixos-25.05",
        "type": "indirect"
      }
    },
    "nixvim": {
      "inputs": {
        "devshell": "devshell",
        "flake-compat": "flake-compat_2",
        "flake-parts": "flake-parts_2",
        "git-hooks": "git-hooks",
        "home-manager": "home-manager",
        "nix-darwin": "nix-darwin",
        "nixpkgs": "nixpkgs_3",
        "nuschtosSearch": "nuschtosSearch",
        "treefmt-nix": "treefmt-nix"
      },
      "locked": {
        "lastModified": 1734567959,
        "narHash": "sha256-ghNQlnI/r6cnknY58x60695sFrYnI6ZUMg65bmoNGqw=",
        "owner": "nix-community",
        "repo": "nixvim",
        "rev": "37608b462772e35220e02bfbd9045d0946564436",
        "type": "github"
      },
      "original": {
        "owner": "nix-community",
        "repo": "nixvim",
        "type": "github"
      }
    },
    "nuschtosSearch": {
      "inputs": {
        "flake-utils": "flake-utils",
        "ixx": "ixx",
        "nixpkgs": [
          "my-nixvim",
          "nixvim",
          "nixpkgs"
        ]
      },
      "locked": {
        "lastModified": 1733773348,
        "narHash": "sha256-Y47y+LesOCkJaLvj+dI/Oa6FAKj/T9sKVKDXLNsViPw=",
        "owner": "NuschtOS",
        "repo": "search",
        "rev": "3051be7f403bff1d1d380e4612f0c70675b44fc9",
        "type": "github"
      },
      "original": {
        "owner": "NuschtOS",
        "repo": "search",
        "type": "github"
      }
    },
    "quick-scope": {
      "flake": false,
      "locked": {
        "lastModified": 1720194674,
        "narHash": "sha256-l7YXdo6Futdq32247BtcfSHVOIj8pthlPvpzoRPnlMI=",
        "owner": "unblevable",
        "repo": "quick-scope",
        "rev": "4d35d3b2bc6794666353dcc241b2680bd560416f",
        "type": "github"
      },
      "original": {
        "owner": "unblevable",
        "repo": "quick-scope",
        "type": "github"
      }
    },
    "root": {
      "inputs": {
        "deploy-rs": "deploy-rs",
        "disko": "disko",
        "my-nixvim": "my-nixvim",
        "niri": "niri",
        "nixos-hardware": "nixos-hardware",
        "nixpkgs": "nixpkgs_5",
        "nixpkgs-unstable": "nixpkgs-unstable",
        "sops-nix": "sops-nix"
      }
    },
    "snipe": {
      "flake": false,
      "locked": {
        "lastModified": 1734613729,
        "narHash": "sha256-9gokJv5fmVdMKFaeFxH+V8tYzd0Xy1kmYIa61xcNI9g=",
        "owner": "leath-dub",
        "repo": "snipe.nvim",
        "rev": "9dc03ff9abf5c3939e1cc3f601b8285b6175b145",
        "type": "github"
      },
      "original": {
        "owner": "leath-dub",
        "repo": "snipe.nvim",
        "type": "github"
      }
    },
    "sops-nix": {
      "inputs": {
        "nixpkgs": [
          "nixpkgs"
        ]
      },
      "locked": {
        "lastModified": 1760393368,
        "narHash": "sha256-8mN3kqyqa2PKY0wwZ2UmMEYMcxvNTwLaOrrDsw6Qi4E=",
        "owner": "Mic92",
        "repo": "sops-nix",
        "rev": "ab8d56e85b8be14cff9d93735951e30c3e86a437",
        "type": "github"
      },
      "original": {
        "owner": "Mic92",
        "repo": "sops-nix",
        "type": "github"
      }
    },
    "systems": {
      "locked": {
        "lastModified": 1681028828,
        "narHash": "sha256-Vy1rq5AaRuLzOxct8nz4T6wlgyUR7zLU309k9mBC768=",
        "owner": "nix-systems",
        "repo": "default",
        "rev": "da67096a3b9bf56a91d16901293e51ba5b49a27e",
        "type": "github"
      },
      "original": {
        "owner": "nix-systems",
        "repo": "default",
        "type": "github"
      }
    },
    "systems_2": {
      "locked": {
        "lastModified": 1681028828,
        "narHash": "sha256-Vy1rq5AaRuLzOxct8nz4T6wlgyUR7zLU309k9mBC768=",
        "owner": "nix-systems",
        "repo": "default",
        "rev": "da67096a3b9bf56a91d16901293e51ba5b49a27e",
        "type": "github"
      },
      "original": {
        "owner": "nix-systems",
        "repo": "default",
        "type": "github"
      }
    },
    "treefmt-nix": {
      "inputs": {
        "nixpkgs": [
          "my-nixvim",
          "nixvim",
          "nixpkgs"
        ]
      },
      "locked": {
        "lastModified": 1733761991,
        "narHash": "sha256-s4DalCDepD22jtKL5Nw6f4LP5UwoMcPzPZgHWjAfqbQ=",
        "owner": "numtide",
        "repo": "treefmt-nix",
        "rev": "0ce9d149d99bc383d1f2d85f31f6ebd146e46085",
        "type": "github"
      },
      "original": {
        "owner": "numtide",
        "repo": "treefmt-nix",
        "type": "github"
      }
    },
    "treefmt-nix_2": {
      "inputs": {
        "nixpkgs": "nixpkgs_4"
      },
      "locked": {
        "lastModified": 1734543842,
        "narHash": "sha256-/QceWozrNg915Db9x/Ie5k67n9wKgGdTFng+Z1Qw0kE=",
        "owner": "numtide",
        "repo": "treefmt-nix",
        "rev": "76159fc74eeac0599c3618e3601ac2b980a29263",
        "type": "github"
      },
      "original": {
        "owner": "numtide",
        "repo": "treefmt-nix",
        "type": "github"
      }
    },
    "utils": {
      "inputs": {
        "systems": "systems"
      },
      "locked": {
        "lastModified": 1731533236,
        "narHash": "sha256-l0KFg5HjrsfsO/JpG+r7fRrqm12kzFHyUHqHCVpMMbI=",
        "owner": "numtide",
        "repo": "flake-utils",
        "rev": "11707dc2f618dd54ca8739b309ec4fc024de578b",
        "type": "github"
      },
      "original": {
        "owner": "numtide",
        "repo": "flake-utils",
        "type": "github"
      }
    },
    "xwayland-satellite-stable": {
      "flake": false,
      "locked": {
        "lastModified": 1755491097,
        "narHash": "sha256-m+9tUfsmBeF2Gn4HWa6vSITZ4Gz1eA1F5Kh62B0N4oE=",
        "owner": "Supreeeme",
        "repo": "xwayland-satellite",
        "rev": "388d291e82ffbc73be18169d39470f340707edaa",
        "type": "github"
      },
      "original": {
        "owner": "Supreeeme",
        "ref": "v0.7",
        "repo": "xwayland-satellite",
        "type": "github"
      }
    },
    "xwayland-satellite-unstable": {
      "flake": false,
      "locked": {
        "lastModified": 1759707084,
        "narHash": "sha256-0pkftKs6/LReNvxw7DVTN2AJEheZVgyeK0Aarbagi70=",
        "owner": "Supreeeme",
        "repo": "xwayland-satellite",
        "rev": "a9188e70bd748118b4d56a529871b9de5adb9988",
        "type": "github"
      },
      "original": {
        "owner": "Supreeeme",
        "repo": "xwayland-satellite",
        "type": "github"
      }
    }
  },
  "root": "root",
  "version": 7
}
trying flake output attribute 'packages.x86_64-linux.nixosConfigurations.akos01.config.system.build.toplevel'
using cached attrset attribute ''
trying flake output attribute 'legacyPackages.x86_64-linux.nixosConfigurations.akos01.config.system.build.toplevel'
using cached attrset attribute ''
trying flake output attribute 'nixosConfigurations.akos01.config.system.build.toplevel'
using cached string attribute 'nixosConfigurations.akos01.config.system.build.toplevel.type'
using cached string attribute 'nixosConfigurations.akos01.config.system.build.toplevel.drvPath'
performing daemon worker op: 1
using cached list of strings attribute 'nixosConfigurations.akos01.config.system.build.toplevel.meta.outputsToInstall'
performing daemon worker op: 40
querying info about missing paths...
starting pool of 24 threads
performing daemon worker op: 46
building of '/nix/store/58wyqhzp2b3b2fswdl2092hiw70qwrqv-nixos-system-akos01-25.05.20251016.98ff3f9.drv^out' from .drv file: created
building of '/nix/store/58wyqhzp2b3b2fswdl2092hiw70qwrqv-nixos-system-akos01-25.05.20251016.98ff3f9.drv^out' from .drv file: woken up
querying info about missing paths...
starting pool of 24 threads
entered goal loop
building of '/nix/store/58wyqhzp2b3b2fswdl2092hiw70qwrqv-nixos-system-akos01-25.05.20251016.98ff3f9.drv^out' from .drv file: return_value(Co&&)
building of '/nix/store/58wyqhzp2b3b2fswdl2092hiw70qwrqv-nixos-system-akos01-25.05.20251016.98ff3f9.drv^out' from .drv file: in final_awaiter
building of '/nix/store/58wyqhzp2b3b2fswdl2092hiw70qwrqv-nixos-system-akos01-25.05.20251016.98ff3f9.drv^out' from .drv file: init
building of '/nix/store/58wyqhzp2b3b2fswdl2092hiw70qwrqv-nixos-system-akos01-25.05.20251016.98ff3f9.drv^out' from .drv file: loading derivation
building of '/nix/store/58wyqhzp2b3b2fswdl2092hiw70qwrqv-nixos-system-akos01-25.05.20251016.98ff3f9.drv^out' from .drv file: return_value(Co&&)
building of '/nix/store/58wyqhzp2b3b2fswdl2092hiw70qwrqv-nixos-system-akos01-25.05.20251016.98ff3f9.drv^out' from .drv file: in final_awaiter
building of '/nix/store/58wyqhzp2b3b2fswdl2092hiw70qwrqv-nixos-system-akos01-25.05.20251016.98ff3f9.drv^out' from .drv file: have derivation
building of '/nix/store/58wyqhzp2b3b2fswdl2092hiw70qwrqv-nixos-system-akos01-25.05.20251016.98ff3f9.drv^out' from .drv file: done
building of '/nix/store/58wyqhzp2b3b2fswdl2092hiw70qwrqv-nixos-system-akos01-25.05.20251016.98ff3f9.drv^out' from .drv file: in final_awaiter
building of '/nix/store/58wyqhzp2b3b2fswdl2092hiw70qwrqv-nixos-system-akos01-25.05.20251016.98ff3f9.drv^out' from .drv file: goal destroyed
performing daemon worker op: 11
performing daemon worker op: 12
